<?xml version="1.0" encoding="UTF-8"?>
<robot generator="Robot 6.1.1 (Python 3.11.5 on win32)" generated="20230830 16:04:45.160" rpa="false" schemaversion="4">
<suite id="s1" name="Preenchimento Incorreto" source="C:\Users\Davi\Documents\robot\preenchimento_incorreto.robot">
<test id="s1-t1" name="Verificar se quando um campo obrigatorio não for preenchido corretamente" line="13">
<kw name="Dado que eu acesse o organo" library="setup_teardown" type="SETUP">
<kw name="Open Browser" library="SeleniumLibrary">
<arg>url= http://localhost:3000</arg>
<arg>browser=Chrome</arg>
<doc>Opens a new browser instance to the optional ``url``.</doc>
<msg timestamp="20230830 16:04:45.343" level="INFO">Opening browser 'Chrome' to base url ' http://localhost:3000'.</msg>
<status status="PASS" starttime="20230830 16:04:45.343" endtime="20230830 16:04:47.334"/>
</kw>
<status status="PASS" starttime="20230830 16:04:45.342" endtime="20230830 16:04:47.334"/>
</kw>
<kw name="Dado que eu clique no botao criar card">
<kw name="Click Element" library="SeleniumLibrary">
<arg>${BOTAO_CARD}</arg>
<doc>Click the element identified by ``locator``.</doc>
<msg timestamp="20230830 16:04:47.336" level="INFO">Clicking element 'id:form-botao'.</msg>
<status status="PASS" starttime="20230830 16:04:47.335" endtime="20230830 16:04:47.413"/>
</kw>
<status status="PASS" starttime="20230830 16:04:47.335" endtime="20230830 16:04:47.413"/>
</kw>
<kw name="Então o sidetema identificar os campos obrigatorio">
<kw name="Element Should Be Visible" library="SeleniumLibrary">
<arg>id:form-nome-erro</arg>
<doc>Verifies that the element identified by ``locator`` is visible.</doc>
<msg timestamp="20230830 16:04:47.487" level="INFO">Element 'id:form-nome-erro' is displayed.</msg>
<status status="PASS" starttime="20230830 16:04:47.414" endtime="20230830 16:04:47.487"/>
</kw>
<kw name="Element Should Be Visible" library="SeleniumLibrary">
<arg>id:form-cargo-erro</arg>
<doc>Verifies that the element identified by ``locator`` is visible.</doc>
<msg timestamp="20230830 16:04:47.505" level="INFO">Element 'id:form-cargo-erro' is displayed.</msg>
<status status="PASS" starttime="20230830 16:04:47.487" endtime="20230830 16:04:47.505"/>
</kw>
<kw name="Element Should Be Visible" library="SeleniumLibrary">
<arg>id:form-times-erro</arg>
<doc>Verifies that the element identified by ``locator`` is visible.</doc>
<msg timestamp="20230830 16:04:47.530" level="INFO">Element 'id:form-times-erro' is displayed.</msg>
<status status="PASS" starttime="20230830 16:04:47.506" endtime="20230830 16:04:47.530"/>
</kw>
<status status="PASS" starttime="20230830 16:04:47.414" endtime="20230830 16:04:47.530"/>
</kw>
<kw name="Fechar o browser" library="setup_teardown" type="TEARDOWN">
<kw name="Close Browser" library="SeleniumLibrary">
<doc>Closes the current browser.</doc>
<status status="PASS" starttime="20230830 16:04:47.531" endtime="20230830 16:04:49.608"/>
</kw>
<status status="PASS" starttime="20230830 16:04:47.531" endtime="20230830 16:04:49.608"/>
</kw>
<status status="PASS" starttime="20230830 16:04:45.342" endtime="20230830 16:04:49.608"/>
</test>
<status status="PASS" starttime="20230830 16:04:45.161" endtime="20230830 16:04:49.610"/>
</suite>
<statistics>
<total>
<stat pass="1" fail="0" skip="0">All Tests</stat>
</total>
<tag>
</tag>
<suite>
<stat pass="1" fail="0" skip="0" id="s1" name="Preenchimento Incorreto">Preenchimento Incorreto</stat>
</suite>
</statistics>
<errors>
</errors>
</robot>
